Arguments: 
  C:\Program Files\nodejs\node.exe C:\Program Files (x86)\Yarn\bin\yarn.js add zod

PATH: 
  C:\Program Files\Eclipse Adoptium\jdk-17.0.10.7-hotspot\bin;C:\Program Files\Eclipse Adoptium\jdk-8.0.345.1-hotspot\bin;C:\Python310\Scripts\;C:\Python310\;C:\Program Files\Microsoft\jdk-11.0.12.7-hotspot\bin;C:\Windows\system32;C:\Windows;C:\Windows\System32\Wbem;C:\Windows\System32\WindowsPowerShell\v1.0\;C:\Windows\System32\OpenSSH\;C:\Program Files\Microsoft SQL Server\150\Tools\Binn\;C:\Program Files\Microsoft SQL Server\Client SDK\ODBC\170\Tools\Binn\;C:\Program Files\dotnet\;C:\ProgramData\chocolatey\bin;C:\Program Files (x86)\Yarn\bin\;C:\Program Files\Java\jdk1.8.0_211\bin;C:\Android\sdk\emulator;C:\Android\sdk\tools;C:\Android\sdk\tools\bin;C:\Android\sdk\platform-tools;C:\Program Files (x86)\Microsoft SQL Server\150\Tools\Binn\;C:\Program Files\Microsoft SQL Server\150\DTS\Binn\;C:\Program Files (x86)\Microsoft SQL Server\150\DTS\Binn\;C:\Program Files\OpenJDK\openjdk-11.0.15_10\bin;C:\Users\murilo.alexandre\AppData\Roaming\nvm;C:\Program Files\nodejs;C:\Program Files\Git\cmd;%LOCALAPPDATA%\yarn\bin;;C:\Program Files\Docker\Docker\resources\bin;C:\Users\murilo.alexandre\.console-ninja\.bin;C:\Users\murilo.alexandre\AppData\Local\jdk-11.0.2\bin;C:\Users\murilo.alexandre\AppData\Local\Microsoft\WindowsApps;C:\Users\murilo.alexandre\AppData\Local\Programs\Microsoft VS Code\bin;C:\Users\murilo.alexandre\.dotnet\tools;C:\Users\murilo.alexandre\AppData\Local\Yarn\bin;C:\Program Files\Azure Data Studio\bin;C:\Users\murilo.alexandre\.bun\bin;D:\Program Files\JetBrains\JetBrains Rider 2023.3.4\bin;C:\Program Files\JetBrains\IntelliJ IDEA 2024.1\bin;D:\projetos murilo\pontoDigital\node_modules\.bin

Yarn version: 
  1.22.19

Node version: 
  18.20.2

Platform: 
  win32 x64

Trace: 
  Error: EPERM: operation not permitted, unlink 'D:\projetos murilo\pontoDigital\backend\node_modules\@esbuild\win32-x64\esbuild.exe'

npm manifest: 
  {
    "scripts": {
      "dev": "tsx watch src/index.ts"
    },
    "dependencies": {
      "@hono/node-server": "^1.11.1",
      "dotenv": "^16.4.5",
      "hono": "^4.3.3",
      "postgres": "^3.4.4"
    },
    "devDependencies": {
      "@types/node": "^20.11.17",
      "tsx": "^4.7.1"
    }
  }

yarn manifest: 
  No manifest

Lockfile: 
  # THIS IS AN AUTOGENERATED FILE. DO NOT EDIT THIS FILE DIRECTLY.
  # yarn lockfile v1
  
  
  "@esbuild/win32-x64@0.20.2":
    version "0.20.2"
    resolved "https://registry.npmjs.org/@esbuild/win32-x64/-/win32-x64-0.20.2.tgz"
    integrity sha512-N49X4lJX27+l9jbLKSqZ6bKNjzQvHaT8IIFUy+YIqmXQdjYCToGWwOItDrfby14c78aDd5NHQl29xingXfCdLQ==
  
  "@hono/node-server@^1.11.1":
    version "1.11.1"
    resolved "https://registry.npmjs.org/@hono/node-server/-/node-server-1.11.1.tgz"
    integrity sha512-GW1Iomhmm1o4Z+X57xGby8A35Cu9UZLL7pSMdqDBkD99U5cywff8F+8hLk5aBTzNubnsFAvWQ/fZjNwPsEn9lA==
  
  "@types/node@^20.11.17":
    version "20.12.10"
    resolved "https://registry.npmjs.org/@types/node/-/node-20.12.10.tgz"
    integrity sha512-Eem5pH9pmWBHoGAT8Dr5fdc5rYA+4NAovdM4EktRPVAAiJhmWWfQrA0cFhAbOsQdSfIHjAud6YdkbL69+zSKjw==
    dependencies:
      undici-types "~5.26.4"
  
  dotenv@^16.4.5:
    version "16.4.5"
    resolved "https://registry.npmjs.org/dotenv/-/dotenv-16.4.5.tgz"
    integrity sha512-ZmdL2rui+eB2YwhsWzjInR8LldtZHGDoQ1ugH85ppHKwpUHL7j7rN0Ti9NCnGiQbhaZ11FpR+7ao1dNsmduNUg==
  
  esbuild@~0.20.2:
    version "0.20.2"
    resolved "https://registry.npmjs.org/esbuild/-/esbuild-0.20.2.tgz"
    integrity sha512-WdOOppmUNU+IbZ0PaDiTst80zjnrOkyJNHoKupIcVyU8Lvla3Ugx94VzkQ32Ijqd7UhHJy75gNWDMUekcrSJ6g==
    optionalDependencies:
      "@esbuild/aix-ppc64" "0.20.2"
      "@esbuild/android-arm" "0.20.2"
      "@esbuild/android-arm64" "0.20.2"
      "@esbuild/android-x64" "0.20.2"
      "@esbuild/darwin-arm64" "0.20.2"
      "@esbuild/darwin-x64" "0.20.2"
      "@esbuild/freebsd-arm64" "0.20.2"
      "@esbuild/freebsd-x64" "0.20.2"
      "@esbuild/linux-arm" "0.20.2"
      "@esbuild/linux-arm64" "0.20.2"
      "@esbuild/linux-ia32" "0.20.2"
      "@esbuild/linux-loong64" "0.20.2"
      "@esbuild/linux-mips64el" "0.20.2"
      "@esbuild/linux-ppc64" "0.20.2"
      "@esbuild/linux-riscv64" "0.20.2"
      "@esbuild/linux-s390x" "0.20.2"
      "@esbuild/linux-x64" "0.20.2"
      "@esbuild/netbsd-x64" "0.20.2"
      "@esbuild/openbsd-x64" "0.20.2"
      "@esbuild/sunos-x64" "0.20.2"
      "@esbuild/win32-arm64" "0.20.2"
      "@esbuild/win32-ia32" "0.20.2"
      "@esbuild/win32-x64" "0.20.2"
  
  get-tsconfig@^4.7.3:
    version "4.7.4"
    resolved "https://registry.npmjs.org/get-tsconfig/-/get-tsconfig-4.7.4.tgz"
    integrity sha512-ofbkKj+0pjXjhejr007J/fLf+sW+8H7K5GCm+msC8q3IpvgjobpyPqSRFemNyIMxklC0zeJpi7VDFna19FacvQ==
    dependencies:
      resolve-pkg-maps "^1.0.0"
  
  hono@^4.3.3:
    version "4.3.3"
    resolved "https://registry.npmjs.org/hono/-/hono-4.3.3.tgz"
    integrity sha512-LDa1n/aLYK4CsZQyjQpFiaQgxiXCZp0WfcfliinQOH1Lqt4mIOvyw4qjmHihpKXsuXhkQHfHU2Erysp6oEdnVA==
  
  postgres@^3.4.4:
    version "3.4.4"
    resolved "https://registry.npmjs.org/postgres/-/postgres-3.4.4.tgz"
    integrity sha512-IbyN+9KslkqcXa8AO9fxpk97PA4pzewvpi2B3Dwy9u4zpV32QicaEdgmF3eSQUzdRk7ttDHQejNgAEr4XoeH4A==
  
  resolve-pkg-maps@^1.0.0:
    version "1.0.0"
    resolved "https://registry.npmjs.org/resolve-pkg-maps/-/resolve-pkg-maps-1.0.0.tgz"
    integrity sha512-seS2Tj26TBVOC2NIc2rOe2y2ZO7efxITtLZcGSOnHHNOQ7CkiUBfw0Iw2ck6xkIhPwLhKNLS8BO+hEpngQlqzw==
  
  tsx@^4.7.1:
    version "4.9.3"
    resolved "https://registry.npmjs.org/tsx/-/tsx-4.9.3.tgz"
    integrity sha512-czVbetlILiyJZI5zGlj2kw9vFiSeyra9liPD4nG+Thh4pKTi0AmMEQ8zdV/L2xbIVKrIqif4sUNrsMAOksx9Zg==
    dependencies:
      esbuild "~0.20.2"
      get-tsconfig "^4.7.3"
    optionalDependencies:
      fsevents "~2.3.3"
  
  undici-types@~5.26.4:
    version "5.26.5"
    resolved "https://registry.npmjs.org/undici-types/-/undici-types-5.26.5.tgz"
    integrity sha512-JlCMO+ehdEIKqlFxk6IfVoAUVmgz7cU7zD/h9XZ0qzeosSHmUJVOzSQvvYSYWXkFXC+IfLKSIffhv0sVZup6pA==
